=== 2025-11-19 17:19:22 ===
HTTP: 201
Payload:
{
    "order_date": "2025-11-20 00:19:21",
    "brand_name": "Styrk Industries",
    "shipper_name": "Styrk Industries Official Store",
    "shipper_phone": "6281312663058",
    "shipper_destination_id": 4944,
    "shipper_address": "Jl. Prof. drg. Surya Sumantri, M.P.H. No. 65, Bandung.",
    "shipper_email": "styrk.industries@gmail.com",
    "receiver_name": "Jeremia",
    "receiver_phone": "081312663058",
    "receiver_destination_id": 448,
    "receiver_address": "Jl. Prof. drg. Surya Sumantri, M.P.H. No. 65, Bandung.",
    "shipping": "JNE",
    "shipping_type": "JNEFlat",
    "payment_method": "COD",
    "shipping_cost": 9500,
    "shipping_cashback": 0,
    "service_fee": 18466,
    "additional_cost": 0,
    "grand_total": 659500,
    "cod_value": 659500,
    "insurance_value": 0,
    "order_details": [
        {
            "product_name": "Quartz Stone Wrist Rest",
            "product_variant_name": "Quartz Stone Wrist Rest",
            "product_price": 650000,
            "product_width": 1,
            "product_height": 2,
            "product_weight": 1000,
            "product_length": 20,
            "qty": 1,
            "subtotal": 650000
        }
    ]
}
Response:
{"meta":{"message":"Success Create New Order","code":201,"status":"success"},"data":{"order_id":9763,"order_no":"KOM94453202511200019"}}

=== 2025-11-19 17:24:44 ===
HTTP: 201
Payload:
{
    "order_date": "2025-11-20 00:24:43",
    "brand_name": "Styrk Industries",
    "shipper_name": "Styrk Industries Official Store",
    "shipper_phone": "6281312663058",
    "shipper_destination_id": 4944,
    "shipper_address": "Jl. Prof. drg. Surya Sumantri, M.P.H. No. 65, Bandung.",
    "shipper_email": "styrk.industries@gmail.com",
    "receiver_name": "Jeremia",
    "receiver_phone": "081312663058",
    "receiver_destination_id": 5143,
    "receiver_address": "Taman Kopo Indah 69 Blok S",
    "shipping": "JNE",
    "shipping_type": "JNEFlat",
    "payment_method": "COD",
    "shipping_cost": 9500,
    "shipping_cashback": 0,
    "service_fee": 60466,
    "additional_cost": 0,
    "grand_total": 2159500,
    "cod_value": 2159500,
    "insurance_value": 0,
    "order_details": [
        {
            "product_name": "Margo Case",
            "product_variant_name": "Margo Case",
            "product_price": 2150000,
            "product_width": 1,
            "product_height": 2,
            "product_weight": 200,
            "product_length": 20,
            "qty": 1,
            "subtotal": 2150000
        }
    ]
}
Response:
{"meta":{"message":"Success Create New Order","code":201,"status":"success"},"data":{"order_id":9764,"order_no":"KOM77918202511200024"}}

=== 2025-11-19 17:38:46 ===
HTTP: 201
Payload:
{
    "order_date": "2025-11-20 00:38:45",
    "brand_name": "Styrk Industries",
    "shipper_name": "Styrk Industries Official Store",
    "shipper_phone": "6281312663058",
    "shipper_destination_id": 4944,
    "shipper_address": "Jl. Prof. drg. Surya Sumantri, M.P.H. No. 65, Bandung.",
    "shipper_email": "styrk.industries@gmail.com",
    "receiver_name": "Jeremia",
    "receiver_phone": "081312663058",
    "receiver_destination_id": 5143,
    "receiver_address": "Taman Kopo Indah 69 Blok S",
    "shipping": "JNE",
    "shipping_type": "JNEFlat",
    "payment_method": "COD",
    "shipping_cost": 19000,
    "shipping_cashback": 0,
    "service_fee": 53732,
    "additional_cost": 0,
    "grand_total": 1919000,
    "cod_value": 1919000,
    "insurance_value": 0,
    "order_details": [
        {
            "product_name": "Magnum65",
            "product_variant_name": "Magnum65",
            "product_price": 1250000,
            "product_width": 1,
            "product_height": 2,
            "product_weight": 1000,
            "product_length": 20,
            "qty": 1,
            "subtotal": 1250000
        },
        {
            "product_name": "Quartz Stone Wrist Rest",
            "product_variant_name": "Quartz Stone Wrist Rest",
            "product_price": 650000,
            "product_width": 1,
            "product_height": 2,
            "product_weight": 1000,
            "product_length": 20,
            "qty": 1,
            "subtotal": 650000
        }
    ]
}
Response:
{"meta":{"message":"Success Create New Order","code":201,"status":"success"},"data":{"order_id":9765,"order_no":"KOM12714202511200038"}}

=== 2025-11-19 17:50:58 ===
HTTP: 201
Payload:
{
    "order_date": "2025-11-20 00:50:57",
    "brand_name": "Styrk Industries",
    "shipper_name": "Styrk Industries Official Store",
    "shipper_phone": "6281312663058",
    "shipper_destination_id": 4944,
    "shipper_address": "Jl. Prof. drg. Surya Sumantri, M.P.H. No. 65, Bandung.",
    "shipper_email": "styrk.industries@gmail.com",
    "receiver_name": "Jeremia",
    "receiver_phone": "081312663058",
    "receiver_destination_id": 448,
    "receiver_address": "da",
    "shipping": "NINJA",
    "shipping_type": "Standard",
    "payment_method": "COD",
    "shipping_cost": 8000,
    "shipping_cashback": 0,
    "service_fee": 112224,
    "additional_cost": 0,
    "grand_total": 4008000,
    "cod_value": 4008000,
    "insurance_value": 0,
    "order_details": [
        {
            "product_name": "TET Keyboard With PBTfans Count Dracula",
            "product_variant_name": "TET Keyboard With PBTfans Count Dracula",
            "product_price": 4000000,
            "product_width": 1,
            "product_height": 2,
            "product_weight": 1000,
            "product_length": 20,
            "qty": 1,
            "subtotal": 4000000
        }
    ]
}
Response:
{"meta":{"message":"Success Create New Order","code":201,"status":"success"},"data":{"order_id":9766,"order_no":"KOM71875202511200051"}}

=== 2025-11-19 18:02:35 ===
HTTP: 422
Payload:
{
    "order_date": "2025-11-20 01:02:34",
    "brand_name": "Styrk Industries",
    "shipper_name": "Styrk Industries Official Store",
    "shipper_phone": "6281312663058",
    "shipper_destination_id": 4944,
    "shipper_address": "Jl. Prof. drg. Surya Sumantri, M.P.H. No. 65, Bandung.",
    "shipper_email": "styrk.industries@gmail.com",
    "receiver_name": "Jeremia",
    "receiver_phone": "081312663058",
    "receiver_destination_id": 5143,
    "receiver_address": "Taman Kopo Indah 69 Blok S",
    "shipping": "LION",
    "shipping_type": "REGPACK",
    "payment_method": "COD",
    "shipping_cost": 7000,
    "shipping_cashback": 0,
    "service_fee": 218596,
    "additional_cost": 0,
    "grand_total": 7807000,
    "cod_value": 7807000,
    "insurance_value": 0,
    "order_details": [
        {
            "product_name": "KBD8X MKIII Keyboard",
            "product_variant_name": "KBD8X MKIII Keyboard",
            "product_price": 7800000,
            "product_width": 1,
            "product_height": 2,
            "product_weight": 1000,
            "product_length": 20,
            "qty": 1,
            "subtotal": 7800000
        }
    ]
}
Response:
{"meta":{"message":"maximum cod value is 5000000","code":422,"status":"error"},"data":null}

=== 2025-11-19 18:03:12 ===
HTTP: 201
Payload:
{
    "order_date": "2025-11-20 01:03:11",
    "brand_name": "Styrk Industries",
    "shipper_name": "Styrk Industries Official Store",
    "shipper_phone": "6281312663058",
    "shipper_destination_id": 4944,
    "shipper_address": "Jl. Prof. drg. Surya Sumantri, M.P.H. No. 65, Bandung.",
    "shipper_email": "styrk.industries@gmail.com",
    "receiver_name": "Jeremia",
    "receiver_phone": "081312663058",
    "receiver_destination_id": 5143,
    "receiver_address": "Taman Kopo Indah 69 Blok S",
    "shipping": "JNE",
    "shipping_type": "JNEFlat",
    "payment_method": "COD",
    "shipping_cost": 9500,
    "shipping_cashback": 0,
    "service_fee": 53466,
    "additional_cost": 0,
    "grand_total": 1909500,
    "cod_value": 1909500,
    "insurance_value": 0,
    "order_details": [
        {
            "product_name": "Ducky One 3 Mini",
            "product_variant_name": "Ducky One 3 Mini",
            "product_price": 1900000,
            "product_width": 1,
            "product_height": 2,
            "product_weight": 1000,
            "product_length": 20,
            "qty": 1,
            "subtotal": 1900000
        }
    ]
}
Response:
{"meta":{"message":"Success Create New Order","code":201,"status":"success"},"data":{"order_id":9767,"order_no":"KOM49363202511200103"}}

