=== 2025-11-19 18:03:12 ===
HTTP: 200
URL: https://api-sandbox.collaborator.komerce.id/order/api/v1/orders/detail?order_no=KOM49363202511200103
Response:

{
    "meta": {
        "message": "Success get order detail",
        "code": 200,
        "status": "success"
    },
    "data": {
        "order_no": "KOM49363202511200103",
        "awb": "",
        "order_status": "Diajukan",
        "order_date": "20-11-2025",
        "brand_name": "Styrk Industries",
        "shipper_name": "Styrk Industries Official Store",
        "shipper_phone": "6281312663058",
        "shipper_destination_id": 4944,
        "shipper_address": "Jl, Prof, drg, Surya Sumantri, M,P,H, No, 65, Bandung,",
        "receiver_name": "Jeremia",
        "receiver_phone": "081312663058",
        "receiver_destination_id": 5143,
        "receiver_address": "Taman Kopo Indah 69 Blok S",
        "shipping": "JNE",
        "shipping_type": "JNEFlat",
        "payment_method": "COD",
        "shipping_cost": 9500,
        "shipping_cashback": 0,
        "service_fee": 53466,
        "additional_cost": 0,
        "grand_total": 1909500,
        "cod_value": 1909500,
        "notes": "",
        "insurance_value": 0,
        "origin_pin_point": "",
        "destination_pin_point": "",
        "booking_id": "",
        "driver_name": "",
        "driver_phone": "",
        "cancelation_reason": "",
        "live_tracking_url": "",
        "commodity_code": "",
        "order_details": [
            {
                "product_name": "Ducky One 3 Mini",
                "product_variant_name": "Ducky One 3 Mini",
                "product_weight": 1000,
                "product_height": 2,
                "product_width": 1,
                "product_length": 20,
                "product_price": 1900000,
                "qty": 1,
                "subtotal": 1900000
            }
        ]
    }
}

